<?xml version="1.0" encoding="UTF-8"?>
<!-- Generated by org.testng.reporters.JUnitReportReporter -->
<testsuite hostname="Satyajit" failures="0" tests="2" name="TestRunner.MyTestRunner" time="0.166" errors="2" timestamp="2025-08-26T11:05:18 IST" skipped="0">
  <testcase classname="TestRunner.MyTestRunner" name="runScenario" time="0.127">
    <error message="Cannot invoke &quot;org.openqa.selenium.WebDriver.get(String)&quot; because &quot;this.driver&quot; is null" type="java.lang.NullPointerException">
      <![CDATA[java.lang.NullPointerException: Cannot invoke "org.openqa.selenium.WebDriver.get(String)" because "this.driver" is null
at StepDefinitions.LabSession2_step.the_user_is_on_the_registration_page(LabSession2_step.java:17)
at ✽.the user is on the registration page(file:///C:/Users/HP/eclipse-workspace/BDD/src/test/resources/Features/Lab2.feature:8)
]]>
    </error>
  </testcase> <!-- runScenario -->
  <testcase classname="TestRunner.MyTestRunner" name="runScenario" time="0.039">
    <error message="Cannot invoke &quot;org.openqa.selenium.WebDriver.get(String)&quot; because &quot;this.driver&quot; is null" type="java.lang.NullPointerException">
      <![CDATA[java.lang.NullPointerException: Cannot invoke "org.openqa.selenium.WebDriver.get(String)" because "this.driver" is null
at StepDefinitions.LabSession2_step.the_user_is_on_the_registration_page(LabSession2_step.java:17)
at ✽.the user is on the registration page(file:///C:/Users/HP/eclipse-workspace/BDD/src/test/resources/Features/Lab2.feature:8)
]]>
    </error>
  </testcase> <!-- runScenario -->
</testsuite> <!-- TestRunner.MyTestRunner -->
