<?xml version="1.0" encoding="UTF-8"?>
<!-- Generated by org.testng.reporters.JUnitReportReporter -->
<testsuite hostname="Satyajit" failures="0" tests="2" name="TestRunner.MyTestRunner" time="40.108" errors="0" timestamp="2025-08-26T11:58:07 IST" skipped="0">
  <testcase classname="TestRunner.MyTestRunner" name="runScenario" time="17.172"/>
  <testcase classname="TestRunner.MyTestRunner" name="runScenario" time="22.936"/>
</testsuite> <!-- TestRunner.MyTestRunner -->
